2021-04-29 05:03:03,973:WARNING:discord.client: PyNaCl is not installed, voice will NOT be supported
2021-04-29 05:03:04,093:DEBUG:discord.client: on_ready has successfully been registered as an event
2021-04-29 05:03:04,093:DEBUG:discord.client: on_message has successfully been registered as an event
2021-04-29 05:03:04,095:INFO:discord.client: logging in using static token
2021-04-29 05:03:04,202:DEBUG:discord.http: GET https://discord.com/api/v7/users/@me with None has returned 200
2021-04-29 05:03:04,202:DEBUG:discord.http: GET https://discord.com/api/v7/users/@me has received {'id': '835554256185720872', 'username': 'DogeBot', 'avatar': '7a009381d8749ec1e091ba06032f7bc8', 'discriminator': '8650', 'public_flags': 0, 'flags': 0, 'bot': True, 'locale': 'en-US', 'mfa_enabled': True, 'email': None, 'verified': True}
2021-04-29 05:03:04,230:DEBUG:discord.http: GET https://discord.com/api/v7/gateway with None has returned 200
2021-04-29 05:03:04,230:DEBUG:discord.http: GET https://discord.com/api/v7/gateway has received {'url': 'wss://gateway.discord.gg'}
2021-04-29 05:03:04,313:DEBUG:discord.gateway: Created websocket connected to wss://gateway.discord.gg?encoding=json&v=6&compress=zlib-stream
2021-04-29 05:03:04,316:DEBUG:discord.client: Dispatching event socket_raw_receive
2021-04-29 05:03:04,317:DEBUG:discord.gateway: For Shard ID None: WebSocket Event: {'t': None, 's': None, 'op': 10, 'd': {'heartbeat_interval': 41250, '_trace': ['["gateway-prd-main-zp31",{"micros":0.0}]']}}
2021-04-29 05:03:04,317:DEBUG:discord.client: Dispatching event socket_response
2021-04-29 05:03:04,317:DEBUG:discord.client: Dispatching event socket_raw_send
2021-04-29 05:03:04,319:DEBUG:discord.client: Dispatching event socket_raw_send
2021-04-29 05:03:04,319:INFO:discord.gateway: Shard ID None has sent the IDENTIFY payload.
2021-04-29 05:03:04,358:DEBUG:discord.client: Dispatching event socket_raw_receive
2021-04-29 05:03:04,358:DEBUG:discord.gateway: For Shard ID None: WebSocket Event: {'t': None, 's': None, 'op': 11, 'd': None}
2021-04-29 05:03:04,358:DEBUG:discord.client: Dispatching event socket_response
2021-04-29 05:03:04,511:DEBUG:discord.client: Dispatching event socket_raw_receive
2021-04-29 05:03:04,511:DEBUG:discord.gateway: For Shard ID None: WebSocket Event: {'t': 'READY', 's': 1, 'op': 0, 'd': {'v': 6, 'user_settings': {}, 'user': {'verified': True, 'username': 'DogeBot', 'mfa_enabled': True, 'id': '835554256185720872', 'flags': 0, 'email': None, 'discriminator': '8650', 'bot': True, 'avatar': '7a009381d8749ec1e091ba06032f7bc8'}, 'session_id': 'a34dc3b76bbb6bfc5cfbd4b110bc50b9', 'relationships': [], 'private_channels': [], 'presences': [], 'guilds': [{'unavailable': True, 'id': '764859513709920297'}], 'guild_join_requests': [], 'geo_ordered_rtc_regions': ['us-central', 'us-south', 'us-east', 'us-west', 'europe'], 'application': {'id': '835554256185720872', 'flags': 262144}, '_trace': ['["gateway-prd-main-zp31",{"micros":153344,"calls":["discord-sessions-prd-2-16",{"micros":150863,"calls":["start_session",{"micros":83898,"calls":["api-prd-main-mm6x",{"micros":80646,"calls":["get_user",{"micros":4431},"add_authorized_ip",{"micros":5184},"get_guilds",{"micros":38918},"coros_wait",{"micros":0}]}]},"guilds_connect",{"micros":1,"calls":[]},"presence_connect",{"micros":34394,"calls":[]}]}]}]']}}
2021-04-29 05:03:04,511:DEBUG:discord.client: Dispatching event socket_response
2021-04-29 05:03:04,512:INFO:discord.gateway: Shard ID None has connected to Gateway: ["gateway-prd-main-zp31",{"micros":153344,"calls":["discord-sessions-prd-2-16",{"micros":150863,"calls":["start_session",{"micros":83898,"calls":["api-prd-main-mm6x",{"micros":80646,"calls":["get_user",{"micros":4431},"add_authorized_ip",{"micros":5184},"get_guilds",{"micros":38918},"coros_wait",{"micros":0}]}]},"guilds_connect",{"micros":1,"calls":[]},"presence_connect",{"micros":34394,"calls":[]}]}]}] (Session ID: a34dc3b76bbb6bfc5cfbd4b110bc50b9).
2021-04-29 05:03:04,529:DEBUG:discord.client: Dispatching event connect
2021-04-29 05:03:04,530:DEBUG:discord.client: Dispatching event socket_raw_receive
2021-04-29 05:03:04,531:DEBUG:discord.gateway: For Shard ID None: WebSocket Event: {'t': 'GUILD_CREATE', 's': 2, 'op': 0, 'd': {'rules_channel_id': None, 'region': 'europe', 'stage_instances': [], 'features': [], 'system_channel_flags': 0, 'max_video_channel_users': 25, 'splash': None, 'members': [{'user': {'username': 'DogeBot', 'id': '835554256185720872', 'discriminator': '8650', 'bot': True, 'avatar': '7a009381d8749ec1e091ba06032f7bc8'}, 'roles': ['829478809962807316', '836319056222224445'], 'premium_since': None, 'pending': False, 'nick': None, 'mute': False, 'joined_at': '2021-04-26T19:13:21.115581+00:00', 'is_pending': False, 'hoisted_role': '829478809962807316', 'deaf': False}], 'unavailable': False, 'member_count': 37, 'max_members': 100000, 'channels': [{'type': 0, 'topic': 'rules kinda', 'rate_limit_per_user': 0, 'position': 4, 'permission_overwrites': [{'type': 'role', 'id': '764859513709920297', 'deny_new': '805496848', 'deny': 805496848, 'allow_new': '332865', 'allow': 332865}], 'parent_id': '764859514679459850', 'nsfw': True, 'name': 'notes', 'last_message_id': '834173804376358943', 'id': '764869694338760725'}, {'type': 0, 'topic': None, 'rate_limit_per_user': 0, 'position': 12, 'permission_overwrites': [], 'parent_id': '764859514679459850', 'nsfw': False, 'name': 'shame', 'last_message_id': '833788656682139678', 'id': '831630214328352808'}, {'user_limit': 0, 'type': 2, 'rtc_region': None, 'position': 0, 'permission_overwrites': [], 'parent_id': '764859514679459851', 'name': 'General', 'id': '764859514679459853', 'bitrate': 64000}, {'type': 0, 'topic': None, 'rate_limit_per_user': 0, 'position': 0, 'permission_overwrites': [], 'parent_id': '764859514679459850', 'name': 'general', 'last_pin_timestamp': '2021-04-25T23:00:06+00:00', 'last_message_id': '837173178304168008', 'id': '764859514679459852'}, {'type': 4, 'position': 1, 'permission_overwrites': [], 'parent_id': None, 'nsfw': False, 'name': 'Voice Channels', 'id': '764859514679459851'}, {'user_limit': 0, 'type': 2, 'rtc_region': None, 'position': 2, 'permission_overwrites': [], 'parent_id': '764859514679459851', 'name': 'misc.', 'id': '764868917990391852', 'bitrate': 64000}, {'type': 0, 'topic': None, 'rate_limit_per_user': 0, 'position': 6, 'permission_overwrites': [], 'parent_id': '764859514679459850', 'nsfw': False, 'name': 'conversations', 'last_message_id': '820374894801584128', 'id': '764880280505942026'}, {'type': 0, 'topic': 'copy pastas for the egirls  ღ(O꒳Oღ)', 'rate_limit_per_user': 0, 'position': 21, 'permission_overwrites': [{'type': 'role', 'id': '764859513709920297', 'deny_new': '8388608', 'deny': 8388608, 'allow_new': '863501393', 'allow': 863501393}], 'parent_id': '764869191362674740', 'nsfw': True, 'name': 'copypasta𝒪𝓌𝒪', 'last_message_id': '832257983001395260', 'id': '817553073211441202'}, {'type': 0, 'topic': None, 'rate_limit_per_user': 0, 'position': 13, 'permission_overwrites': [], 'parent_id': '764859514679459850', 'nsfw': False, 'name': 'the-church-of-coom', 'last_message_id': None, 'id': '835998969783779328'}, {'type': 0, 'topic': None, 'rate_limit_per_user': 0, 'position': 24, 'permission_overwrites': [{'type': 'role', 'id': '764859513709920297', 'deny_new': '8388608', 'deny': 8388608, 'allow_new': '863501393', 'allow': 863501393}], 'parent_id': '764869191362674740', 'nsfw': False, 'name': 'poggers', 'last_message_id': '830840792989958165', 'id': '820475310692237312'}, {'type': 0, 'topic': None, 'rate_limit_per_user': 0, 'position': 11, 'permission_overwrites': [{'type': 'role', 'id': '764859513709920297', 'deny_new': '0', 'deny': 0, 'allow_new': '0', 'allow': 0}], 'parent_id': '764859514679459850', 'nsfw': False, 'name': 'don’t-go-in-here', 'last_message_id': '830440287423037451', 'id': '766860189022289920'}, {'type': 0, 'topic': None, 'rate_limit_per_user': 0, 'position': 10, 'permission_overwrites': [{'type': 'role', 'id': '764859513709920297', 'deny_new': '0', 'deny': 0, 'allow_new': '0', 'allow': 0}], 'parent_id': '764859514679459850', 'nsfw': True, 'name': 'toasts-quite-place-pls-stayaway', 'last_message_id': '821454885626052679', 'id': '764889045473820742'}, {'user_limit': 0, 'type': 2, 'rtc_region': None, 'position': 6, 'permission_overwrites': [], 'parent_id': '764859514679459851', 'nsfw': False, 'name': 'apex', 'id': '811348046986215464', 'bitrate': 64000}, {'type': 0, 'topic': None, 'rate_limit_per_user': 0, 'position': 8, 'permission_overwrites': [], 'parent_id': '764859514679459850', 'name': 'big-man-dank-memer', 'last_pin_timestamp': '2021-04-26T00:04:28+00:00', 'last_message_id': '836323066962378862', 'id': '764871964602007562'}, {'type': 0, 'topic': None, 'rate_limit_per_user': 0, 'position': 17, 'permission_overwrites': [{'type': 'role', 'id': '764859513709920297', 'deny_new': '8388608', 'deny': 8388608, 'allow_new': '863501393', 'allow': 863501393}], 'parent_id': '764869191362674740', 'nsfw': False, 'name': 'its-always-late-somewhere-talk', 'last_message_id': '821006804532068352', 'id': '765176583974813716'}, {'user_limit': 0, 'type': 2, 'rtc_region': None, 'position': 5, 'permission_overwrites': [], 'parent_id': '764859514679459851', 'nsfw': False, 'name': 'death eternal', 'id': '795454267372208149', 'bitrate': 64000}, {'type': 4, 'position': 2, 'permission_overwrites': [{'type': 'role', 'id': '764859513709920297', 'deny_new': '8388608', 'deny': 8388608, 'allow_new': '863501393', 'allow': 863501393}], 'parent_id': None, 'nsfw': False, 'name': 'more wiggle', 'id': '764869191362674740'}, {'type': 0, 'topic': None, 'rate_limit_per_user': 0, 'position': 3, 'permission_overwrites': [], 'parent_id': '764859514679459850', 'nsfw': False, 'name': 'memes', 'last_message_id': '837134991565258752', 'id': '764868953700302868'}, {'type': 0, 'topic': None, 'rate_limit_per_user': 0, 'position': 19, 'permission_overwrites': [{'type': 'role', 'id': '764859513709920297', 'deny_new': '8388608', 'deny': 8388608, 'allow_new': '863501393', 'allow': 863501393}], 'parent_id': '764869191362674740', 'nsfw': False, 'name': 'music-shit', 'last_message_id': '834225749601812501', 'id': '768867571125977088'}, {'type': 0, 'topic': None, 'rate_limit_per_user': 0, 'position': 2, 'permission_overwrites': [], 'parent_id': '764859514679459850', 'nsfw': False, 'name': 'useless-channel', 'last_message_id': '833450264714936392', 'id': '764929313228718100'}, {'type': 0, 'topic': '*wiggle*', 'rate_limit_per_user': 0, 'position': 16, 'permission_overwrites': [{'type': 'role', 'id': '764859513709920297', 'deny_new': '8388608', 'deny': 8388608, 'allow_new': '863501393', 'allow': 863501393}, {'type': 'role', 'id': '768829965675528192', 'deny_new': '805357649', 'deny': 805357649, 'allow_new': '1024', 'allow': 1024}], 'parent_id': '764869191362674740', 'nsfw': False, 'name': 'wiggle', 'last_message_id': '836741239562698752', 'id': '764869602899001345'}, {'type': 0, 'topic': None, 'rate_limit_per_user': 0, 'position': 25, 'permission_overwrites': [{'type': 'role', 'id': '764859513709920297', 'deny_new': '8388608', 'deny': 8388608, 'allow_new': '863501393', 'allow': 863501393}], 'parent_id': '764869191362674740', 'nsfw': False, 'name': 'poli-tits', 'last_message_id': '835523981175816212', 'id': '820983463489961995'}, {'type': 0, 'topic': None, 'rate_limit_per_user': 0, 'position': 18, 'permission_overwrites': [{'type': 'role', 'id': '764859513709920297', 'deny_new': '8388608', 'deny': 8388608, 'allow_new': '863501393', 'allow': 863501393}], 'parent_id': '764869191362674740', 'nsfw': False, 'name': 'telling-people-off', 'last_message_id': '820779397815730197', 'id': '766487359620644904'}, {'type': 0, 'topic': None, 'rate_limit_per_user': 0, 'position': 7, 'permission_overwrites': [], 'parent_id': '764859514679459850', 'nsfw': False, 'name': 'im14andthisisdeep', 'last_message_id': '823625386277470268', 'id': '764874613263695972'}, {'type': 0, 'topic': None, 'rate_limit_per_user': 0, 'position': 26, 'permission_overwrites': [{'type': 'role', 'id': '764859513709920297', 'deny_new': '1024', 'deny': 1024, 'allow_new': '0', 'allow': 0}, {'type': 'role', 'id': '764884245411004437', 'deny_new': '0', 'deny': 0, 'allow_new': '1024', 'allow': 1024}, {'type': 'role', 'id': '764888423223132201', 'deny_new': '0', 'deny': 0, 'allow_new': '1024', 'allow': 1024}, {'type': 'role', 'id': '764897095328333864', 'deny_new': '0', 'deny': 0, 'allow_new': '1024', 'allow': 1024}, {'type': 'role', 'id': '764897916141568000', 'deny_new': '0', 'deny': 0, 'allow_new': '1024', 'allow': 1024}, {'type': 'role', 'id': '764898057166258177', 'deny_new': '0', 'deny': 0, 'allow_new': '1024', 'allow': 1024}, {'type': 'role', 'id': '764901731317317682', 'deny_new': '0', 'deny': 0, 'allow_new': '1024', 'allow': 1024}, {'type': 'role', 'id': '764909443020226581', 'deny_new': '0', 'deny': 0, 'allow_new': '1024', 'allow': 1024}, {'type': 'role', 'id': '764914619651194910', 'deny_new': '0', 'deny': 0, 'allow_new': '1024', 'allow': 1024}], 'parent_id': '764869191362674740', 'nsfw': False, 'name': 'cats', 'last_message_id': '829714861503545365', 'id': '820772064431833088'}, {'user_limit': 0, 'type': 2, 'rtc_region': None, 'position': 1, 'permission_overwrites': [], 'parent_id': '764859514679459851', 'nsfw': False, 'name': 'gay-vc2', 'id': '830968381796122643', 'bitrate': 64000}, {'user_limit': 0, 'type': 2, 'rtc_region': None, 'position': 4, 'permission_overwrites': [], 'parent_id': '764859514679459851', 'nsfw': False, 'name': 'easy-listening', 'id': '765715593432137751', 'bitrate': 64000}, {'type': 0, 'topic': None, 'rate_limit_per_user': 0, 'position': 14, 'permission_overwrites': [], 'parent_id': '764859514679459851', 'nsfw': False, 'name': 'vc-shi', 'last_pin_timestamp': '2021-04-09T14:52:32+00:00', 'last_message_id': '833833829750931477', 'id': '769751061124218880'}, {'type': 4, 'position': 0, 'permission_overwrites': [], 'name': 'wiggle', 'id': '764859514679459850'}, {'type': 0, 'topic': None, 'rate_limit_per_user': 0, 'position': 22, 'permission_overwrites': [{'type': 'role', 'id': '764859513709920297', 'deny_new': '8388608', 'deny': 8388608, 'allow_new': '863501393', 'allow': 863501393}], 'parent_id': '764869191362674740', 'nsfw': False, 'name': 'spam', 'last_message_id': '831243532508987422', 'id': '817568606716035132'}, {'type': 0, 'topic': None, 'rate_limit_per_user': 0, 'position': 28, 'permission_overwrites': [{'type': 'role', 'id': '764859513709920297', 'deny_new': '8388608', 'deny': 8388608, 'allow_new': '863501393', 'allow': 863501393}], 'parent_id': '764869191362674740', 'nsfw': False, 'name': 'my-shitty-facejpg', 'last_message_id': '835267564015190027', 'id': '833462877934714880'}, {'user_limit': 0, 'type': 2, 'rtc_region': None, 'position': 7, 'permission_overwrites': [{'type': 'member', 'id': '213442062161412096', 'deny_new': '0', 'deny': 0, 'allow_new': '1049600', 'allow': 1049600}, {'type': 'member', 'id': '266528004878893057', 'deny_new': '0', 'deny': 0, 'allow_new': '1049600', 'allow': 1049600}, {'type': 'member', 'id': '370613958727565312', 'deny_new': '0', 'deny': 0, 'allow_new': '1049600', 'allow': 1049600}, {'type': 'member', 'id': '399251200689831938', 'deny_new': '0', 'deny': 0, 'allow_new': '1049600', 'allow': 1049600}, {'type': 'member', 'id': '540705770535124993', 'deny_new': '0', 'deny': 0, 'allow_new': '1049600', 'allow': 1049600}, {'type': 'member', 'id': '574344687159214090', 'deny_new': '0', 'deny': 0, 'allow_new': '1049600', 'allow': 1049600}, {'type': 'member', 'id': '648221003511496744', 'deny_new': '0', 'deny': 0, 'allow_new': '1049600', 'allow': 1049600}, {'type': 'member', 'id': '729888915204603918', 'deny_new': '0', 'deny': 0, 'allow_new': '1049600', 'allow': 1049600}, {'type': 'role', 'id': '764859513709920297', 'deny_new': '3146752', 'deny': 3146752, 'allow_new': '0', 'allow': 0}], 'parent_id': '764869191362674740', 'nsfw': False, 'name': 'shhhhhhh', 'id': '829905828106338325', 'bitrate': 64000}, {'type': 0, 'topic': None, 'rate_limit_per_user': 0, 'position': 9, 'permission_overwrites': [{'type': 'role', 'id': '764859513709920297', 'deny_new': '0', 'deny': 0, 'allow_new': '0', 'allow': 0}], 'parent_id': '764859514679459850', 'nsfw': False, 'name': 'the-cum-zone', 'last_message_id': '835978356712538223', 'id': '766635144672444476'}, {'type': 0, 'topic': None, 'rate_limit_per_user': 0, 'position': 27, 'permission_overwrites': [{'type': 'role', 'id': '764859513709920297', 'deny_new': '8388608', 'deny': 8388608, 'allow_new': '863501393', 'allow': 863501393}], 'parent_id': '764869191362674740', 'nsfw': False, 'name': 'creme-de-la-ice', 'last_message_id': '830419682699640862', 'id': '830418866890211368'}, {'type': 0, 'topic': None, 'rate_limit_per_user': 0, 'position': 15, 'permission_overwrites': [], 'parent_id': '764859514679459851', 'nsfw': False, 'name': 'bot-shit', 'last_message_id': '836034391805132800', 'id': '765715908849041408'}, {'type': 0, 'topic': 'reddit', 'rate_limit_per_user': 0, 'position': 1, 'permission_overwrites': [], 'parent_id': '764859514679459850', 'nsfw': False, 'name': 'reddit', 'last_pin_timestamp': '2020-10-11T15:26:08.798000+00:00', 'last_message_id': '817239863413702676', 'id': '764869029093441594'}, {'type': 0, 'topic': 'AHHHHHH', 'rate_limit_per_user': 0, 'position': 20, 'permission_overwrites': [{'type': 'role', 'id': '764859513709920297', 'deny_new': '8388608', 'deny': 8388608, 'allow_new': '863501393', 'allow': 863501393}], 'parent_id': '764869191362674740', 'nsfw': False, 'name': 'we-only-scream-here', 'last_pin_timestamp': '2021-01-31T13:13:10.334000+00:00', 'last_message_id': '829696844950929428', 'id': '773103583713427466'}, {'type': 0, 'topic': None, 'rate_limit_per_user': 0, 'position': 5, 'permission_overwrites': [], 'parent_id': '764859514679459850', 'nsfw': False, 'name': 'talking-about-tommyinnit', 'last_message_id': '811667960971395143', 'id': '764887998105387039'}, {'user_limit': 0, 'type': 2, 'rtc_region': None, 'position': 3, 'permission_overwrites': [], 'parent_id': '764859514679459851', 'name': 'minecraft', 'id': '764871280658087957', 'bitrate': 64000}, {'type': 0, 'topic': None, 'rate_limit_per_user': 0, 'position': 23, 'permission_overwrites': [{'type': 'role', 'id': '764859513709920297', 'deny_new': '8388608', 'deny': 8388608, 'allow_new': '863501393', 'allow': 863501393}], 'parent_id': '764869191362674740', 'nsfw': False, 'name': 'pretty-ladies', 'last_message_id': '831622020361617408', 'id': '820370048395902987'}], 'presences': [], 'premium_subscription_count': 0, 'joined_at': '2021-04-26T19:13:21.115581+00:00', 'explicit_content_filter': 0, 'name': 'wiggle', 'banner': None, 'default_message_notifications': 0, 'system_channel_id': '764859514679459852', 'preferred_locale': 'en-US', 'nsfw': False, 'vanity_url_code': None, 'mfa_level': 0, 'icon': '019966e7c62556e4ca27f9b6d0495560', 'discovery_splash': None, 'guild_hashes': {'version': 1, 'roles': {'omitted': False, 'hash': 'fGdhF4TRT8E'}, 'metadata': {'omitted': False, 'hash': 'pdZFwV6fDCo'}, 'channels': {'omitted': False, 'hash': 'USpUnAC0qZo'}}, 'owner_id': '695427922433146920', 'application_id': None, 'public_updates_channel_id': None, 'description': None, 'roles': [{'position': 28, 'permissions_new': '8425819745', 'permissions': 1983368801, 'name': 'over ruling daddy', 'mentionable': True, 'managed': False, 'id': '833465816522817556', 'hoist': True, 'color': 15204352}, {'position': 16, 'permissions_new': '4294967296', 'permissions': 0, 'name': 'no dick', 'mentionable': True, 'managed': False, 'id': '794979214243266581', 'hoist': True, 'color': 15095177}, {'position': 19, 'permissions_new': '4294967296', 'permissions': 0, 'name': 'comunister', 'mentionable': True, 'managed': False, 'id': '828445142397878303', 'hoist': True, 'color': 16711680}, {'tags': {'bot_id': '172002275412279296'}, 'position': 8, 'permissions_new': '6455110671', 'permissions': 12659727, 'name': 'Tatsu', 'mentionable': False, 'managed': True, 'id': '767405732193763409', 'hoist': False, 'color': 0}, {'position': 33, 'permissions_new': '8589410047', 'permissions': 2146959103, 'name': 'toast role', 'mentionable': True, 'managed': False, 'id': '795454723541041162', 'hoist': True, 'color': 4332354}, {'position': 32, 'permissions_new': '0', 'permissions': 0, 'name': 'daddy', 'mentionable': True, 'managed': False, 'id': '764897916141568000', 'hoist': True, 'color': 2566143}, {'position': 25, 'permissions_new': '4294967296', 'permissions': 0, 'name': 'Ginger', 'mentionable': True, 'managed': False, 'id': '827952426689888277', 'hoist': True, 'color': 15105570}, {'tags': {'bot_id': '835554256185720872'}, 'position': 1, 'permissions_new': '519232', 'permissions': 519232, 'name': 'DogeBot', 'mentionable': False, 'managed': True, 'id': '836319056222224445', 'hoist': False, 'color': 0}, {'position': 0, 'permissions_new': '8425819745', 'permissions': 1983368801, 'name': '@everyone', 'mentionable': False, 'managed': False, 'id': '764859513709920297', 'hoist': False, 'color': 0}, {'position': 23, 'permissions_new': '0', 'permissions': 0, 'name': 'furry', 'mentionable': True, 'managed': False, 'id': '764901731317317682', 'hoist': True, 'color': 15844367}, {'tags': {'bot_id': '270904126974590976'}, 'position': 9, 'permissions_new': '8589934455', 'permissions': 2147483511, 'name': 'Dank Memer', 'mentionable': False, 'managed': True, 'id': '764871788995674153', 'hoist': False, 'color': 0}, {'position': 6, 'permissions_new': '7909932643', 'permissions': 1467481699, 'name': 'BOT', 'mentionable': False, 'managed': False, 'id': '829478809962807316', 'hoist': True, 'color': 6323595}, {'position': 3, 'permissions_new': '0', 'permissions': 0, 'name': 'daddy', 'mentionable': False, 'managed': False, 'id': '833462629435179079', 'hoist': False, 'color': 0}, {'tags': {'bot_id': '469610550159212554'}, 'position': 4, 'permissions_new': '271961152', 'permissions': 271961152, 'name': 'ZeroTwo', 'mentionable': False, 'managed': True, 'id': '830606867260637243', 'hoist': False, 'color': 0}, {'position': 21, 'permissions_new': '0', 'permissions': 0, 'name': 'POGCHAMPERS', 'mentionable': True, 'managed': False, 'id': '764888423223132201', 'hoist': True, 'color': 16121856}, {'position': 12, 'permissions_new': '0', 'permissions': 0, 'name': 'Broke Wiggle Streak :(', 'mentionable': True, 'managed': False, 'id': '768829965675528192', 'hoist': True, 'color': 10038562}, {'position': 27, 'permissions_new': '0', 'permissions': 0, 'name': 'chipster zinger penis', 'mentionable': True, 'managed': False, 'id': '764886540387483648', 'hoist': True, 'color': 2474073}, {'position': 30, 'permissions_new': '4294967296', 'permissions': 0, 'name': 'horny', 'mentionable': True, 'managed': False, 'id': '829884743268827156', 'hoist': True, 'color': 15410818}, {'position': 24, 'permissions_new': '0', 'permissions': 0, 'name': 'Neko', 'mentionable': True, 'managed': False, 'id': '764914619651194910', 'hoist': True, 'color': 7419530}, {'position': 29, 'permissions_new': '0', 'permissions': 0, 'name': 'massive cock ;)', 'mentionable': True, 'managed': False, 'id': '764884245411004437', 'hoist': True, 'color': 10181046}, {'position': 13, 'permissions_new': '0', 'permissions': 0, 'name': 'Horny On Main', 'mentionable': False, 'managed': False, 'id': '836026708506705940', 'hoist': False, 'color': 9807270}, {'position': 14, 'permissions_new': '0', 'permissions': 0, 'name': 'garlic bread', 'mentionable': True, 'managed': False, 'id': '764885985024409602', 'hoist': True, 'color': 15158332}, {'position': 18, 'permissions_new': '0', 'permissions': 0, 'name': 'bitch boi', 'mentionable': True, 'managed': False, 'id': '764888514159968296', 'hoist': True, 'color': 11027200}, {'position': 26, 'permissions_new': '0', 'permissions': 0, 'name': 'best at moaning', 'mentionable': True, 'managed': False, 'id': '764898057166258177', 'hoist': True, 'color': 1752220}, {'position': 34, 'permissions_new': '8589410303', 'permissions': 2146959359, 'name': 'supreme ruler dictator', 'mentionable': True, 'managed': False, 'id': '795456223079956511', 'hoist': True, 'color': 8334039}, {'position': 5, 'permissions_new': '8425819753', 'permissions': 1983368809, 'name': 'boi', 'mentionable': False, 'managed': False, 'id': '830179128300404766', 'hoist': False, 'color': 0}, {'position': 31, 'permissions_new': '0', 'permissions': 0, 'name': 'hot Scandinavian', 'mentionable': True, 'managed': False, 'id': '764897095328333864', 'hoist': True, 'color': 5623266}, {'position': 2, 'permissions_new': '8589397753', 'permissions': 2146946809, 'name': 'Le Fishe', 'mentionable': False, 'managed': False, 'id': '835499831778738176', 'hoist': False, 'color': 2215874}, {'position': 7, 'permissions_new': '8576827123', 'permissions': 2134376179, 'name': 'cursive', 'mentionable': True, 'managed': False, 'id': '764862014035197952', 'hoist': False, 'color': 0}, {'tags': {'bot_id': '234395307759108106'}, 'position': 10, 'permissions_new': '6442450952', 'permissions': 8, 'name': 'Groovy', 'mentionable': False, 'managed': True, 'id': '764860486633259019', 'hoist': False, 'color': 0}, {'position': 20, 'permissions_new': '0', 'permissions': 0, 'name': 'Anarchist', 'mentionable': True, 'managed': False, 'id': '764907467741593620', 'hoist': True, 'color': 983295}, {'position': 17, 'permissions_new': '0', 'permissions': 0, 'name': 'fucking traitor', 'mentionable': True, 'managed': False, 'id': '764909443020226581', 'hoist': True, 'color': 15277667}, {'position': 22, 'permissions_new': '0', 'permissions': 0, 'name': 'gigantic nuts', 'mentionable': True, 'managed': False, 'id': '766811236603134002', 'hoist': True, 'color': 1752220}, {'position': 15, 'permissions_new': '0', 'permissions': 0, 'name': 'STD MAN (definitely has aids)', 'mentionable': True, 'managed': False, 'id': '766641133303627817', 'hoist': True, 'color': 16187592}, {'tags': {'bot_id': '468281173072805889'}, 'position': 1, 'permissions_new': '313408', 'permissions': 313408, 'name': 'MarriageBot', 'mentionable': False, 'managed': True, 'id': '836023113262825473', 'hoist': False, 'color': 0}, {'position': 11, 'permissions_new': '0', 'permissions': 0, 'name': 'bitch', 'mentionable': True, 'managed': False, 'id': '833463786077421568', 'hoist': True, 'color': 3066993}], 'afk_timeout': 300, 'premium_tier': 0, 'verification_level': 1, 'voice_states': [], 'afk_channel_id': None, 'lazy': True, 'large': False, 'threads': [], 'emojis': [{'roles': [], 'require_colons': True, 'name': 'emoji_1', 'managed': False, 'id': '764862794029334529', 'available': True, 'animated': False}, {'roles': [], 'require_colons': True, 'name': 'emoji_2', 'managed': False, 'id': '764891333214208010', 'available': True, 'animated': False}, {'roles': [], 'require_colons': True, 'name': 'emoji_3', 'managed': False, 'id': '765151767838588968', 'available': True, 'animated': False}, {'roles': [], 'require_colons': True, 'name': 'emoji_4', 'managed': False, 'id': '765151992716328980', 'available': True, 'animated': False}, {'roles': [], 'require_colons': True, 'name': 'emoji_5', 'managed': False, 'id': '765718241183137826', 'available': True, 'animated': False}, {'roles': [], 'require_colons': True, 'name': 'emoji_6', 'managed': False, 'id': '765718881125138432', 'available': True, 'animated': False}, {'roles': [], 'require_colons': True, 'name': 'emoji_cursed', 'managed': False, 'id': '792111018180345857', 'available': True, 'animated': False}, {'roles': [], 'require_colons': True, 'name': 'emoji_ramranch', 'managed': False, 'id': '792111426717745152', 'available': True, 'animated': False}], 'id': '764859513709920297'}}
2021-04-29 05:03:04,532:DEBUG:discord.client: Dispatching event socket_response
2021-04-29 05:03:04,533:DEBUG:discord.client: Dispatching event guild_available
2021-04-29 05:03:06,535:DEBUG:discord.client: Dispatching event ready
2021-04-29 05:03:45,568:DEBUG:discord.gateway: Keeping shard ID None websocket alive with sequence 2.
2021-04-29 05:03:45,610:DEBUG:discord.client: Dispatching event socket_raw_receive
2021-04-29 05:03:45,610:DEBUG:discord.gateway: For Shard ID None: WebSocket Event: {'t': None, 's': None, 'op': 11, 'd': None}
2021-04-29 05:03:45,610:DEBUG:discord.client: Dispatching event socket_response
2021-04-29 05:04:26,820:DEBUG:discord.gateway: Keeping shard ID None websocket alive with sequence 2.
2021-04-29 05:04:26,864:DEBUG:discord.client: Dispatching event socket_raw_receive
2021-04-29 05:04:26,864:DEBUG:discord.gateway: For Shard ID None: WebSocket Event: {'t': None, 's': None, 'op': 11, 'd': None}
2021-04-29 05:04:26,865:DEBUG:discord.client: Dispatching event socket_response
2021-04-29 05:05:08,071:DEBUG:discord.gateway: Keeping shard ID None websocket alive with sequence 2.
2021-04-29 05:05:08,116:DEBUG:discord.client: Dispatching event socket_raw_receive
2021-04-29 05:05:08,116:DEBUG:discord.gateway: For Shard ID None: WebSocket Event: {'t': None, 's': None, 'op': 11, 'd': None}
2021-04-29 05:05:08,116:DEBUG:discord.client: Dispatching event socket_response
2021-04-29 05:05:49,322:DEBUG:discord.gateway: Keeping shard ID None websocket alive with sequence 2.
2021-04-29 05:05:49,365:DEBUG:discord.client: Dispatching event socket_raw_receive
2021-04-29 05:05:49,365:DEBUG:discord.gateway: For Shard ID None: WebSocket Event: {'t': None, 's': None, 'op': 11, 'd': None}
2021-04-29 05:05:49,366:DEBUG:discord.client: Dispatching event socket_response
2021-04-29 05:06:30,573:DEBUG:discord.gateway: Keeping shard ID None websocket alive with sequence 2.
2021-04-29 05:06:30,616:DEBUG:discord.client: Dispatching event socket_raw_receive
2021-04-29 05:06:30,616:DEBUG:discord.gateway: For Shard ID None: WebSocket Event: {'t': None, 's': None, 'op': 11, 'd': None}
2021-04-29 05:06:30,616:DEBUG:discord.client: Dispatching event socket_response
2021-04-29 05:07:11,825:DEBUG:discord.gateway: Keeping shard ID None websocket alive with sequence 2.
2021-04-29 05:07:11,865:DEBUG:discord.client: Dispatching event socket_raw_receive
2021-04-29 05:07:11,865:DEBUG:discord.gateway: For Shard ID None: WebSocket Event: {'t': None, 's': None, 'op': 11, 'd': None}
2021-04-29 05:07:11,866:DEBUG:discord.client: Dispatching event socket_response
2021-04-29 05:07:53,076:DEBUG:discord.gateway: Keeping shard ID None websocket alive with sequence 2.
2021-04-29 05:07:53,119:DEBUG:discord.client: Dispatching event socket_raw_receive
2021-04-29 05:07:53,119:DEBUG:discord.gateway: For Shard ID None: WebSocket Event: {'t': None, 's': None, 'op': 11, 'd': None}
2021-04-29 05:07:53,119:DEBUG:discord.client: Dispatching event socket_response
2021-04-29 05:08:34,327:DEBUG:discord.gateway: Keeping shard ID None websocket alive with sequence 2.
2021-04-29 05:08:34,370:DEBUG:discord.client: Dispatching event socket_raw_receive
2021-04-29 05:08:34,370:DEBUG:discord.gateway: For Shard ID None: WebSocket Event: {'t': None, 's': None, 'op': 11, 'd': None}
2021-04-29 05:08:34,370:DEBUG:discord.client: Dispatching event socket_response
2021-04-29 05:09:15,578:DEBUG:discord.gateway: Keeping shard ID None websocket alive with sequence 2.
2021-04-29 05:09:15,621:DEBUG:discord.client: Dispatching event socket_raw_receive
2021-04-29 05:09:15,621:DEBUG:discord.gateway: For Shard ID None: WebSocket Event: {'t': None, 's': None, 'op': 11, 'd': None}
2021-04-29 05:09:15,621:DEBUG:discord.client: Dispatching event socket_response
2021-04-29 05:09:56,830:DEBUG:discord.gateway: Keeping shard ID None websocket alive with sequence 2.
2021-04-29 05:09:56,871:DEBUG:discord.client: Dispatching event socket_raw_receive
2021-04-29 05:09:56,871:DEBUG:discord.gateway: For Shard ID None: WebSocket Event: {'t': None, 's': None, 'op': 11, 'd': None}
2021-04-29 05:09:56,872:DEBUG:discord.client: Dispatching event socket_response
2021-04-29 05:10:38,081:DEBUG:discord.gateway: Keeping shard ID None websocket alive with sequence 2.
2021-04-29 05:10:38,126:DEBUG:discord.client: Dispatching event socket_raw_receive
2021-04-29 05:10:38,126:DEBUG:discord.gateway: For Shard ID None: WebSocket Event: {'t': None, 's': None, 'op': 11, 'd': None}
2021-04-29 05:10:38,126:DEBUG:discord.client: Dispatching event socket_response
2021-04-29 05:11:19,337:DEBUG:discord.gateway: Keeping shard ID None websocket alive with sequence 2.
2021-04-29 05:11:19,379:DEBUG:discord.client: Dispatching event socket_raw_receive
2021-04-29 05:11:19,379:DEBUG:discord.gateway: For Shard ID None: WebSocket Event: {'t': None, 's': None, 'op': 11, 'd': None}
2021-04-29 05:11:19,380:DEBUG:discord.client: Dispatching event socket_response
2021-04-29 05:12:00,591:DEBUG:discord.gateway: Keeping shard ID None websocket alive with sequence 2.
2021-04-29 05:12:00,633:DEBUG:discord.client: Dispatching event socket_raw_receive
2021-04-29 05:12:00,634:DEBUG:discord.gateway: For Shard ID None: WebSocket Event: {'t': None, 's': None, 'op': 11, 'd': None}
2021-04-29 05:12:00,634:DEBUG:discord.client: Dispatching event socket_response
2021-04-29 05:12:41,843:DEBUG:discord.gateway: Keeping shard ID None websocket alive with sequence 2.
2021-04-29 05:12:41,898:DEBUG:discord.client: Dispatching event socket_raw_receive
2021-04-29 05:12:41,898:DEBUG:discord.gateway: For Shard ID None: WebSocket Event: {'t': None, 's': None, 'op': 11, 'd': None}
2021-04-29 05:12:41,898:DEBUG:discord.client: Dispatching event socket_response
2021-04-29 05:13:23,094:DEBUG:discord.gateway: Keeping shard ID None websocket alive with sequence 2.
2021-04-29 05:13:23,142:DEBUG:discord.client: Dispatching event socket_raw_receive
2021-04-29 05:13:23,142:DEBUG:discord.gateway: For Shard ID None: WebSocket Event: {'t': None, 's': None, 'op': 11, 'd': None}
2021-04-29 05:13:23,142:DEBUG:discord.client: Dispatching event socket_response
2021-04-29 05:14:04,345:DEBUG:discord.gateway: Keeping shard ID None websocket alive with sequence 2.
2021-04-29 05:14:04,384:DEBUG:discord.client: Dispatching event socket_raw_receive
2021-04-29 05:14:04,384:DEBUG:discord.gateway: For Shard ID None: WebSocket Event: {'t': None, 's': None, 'op': 11, 'd': None}
2021-04-29 05:14:04,384:DEBUG:discord.client: Dispatching event socket_response
2021-04-29 05:14:45,596:DEBUG:discord.gateway: Keeping shard ID None websocket alive with sequence 2.
2021-04-29 05:14:45,638:DEBUG:discord.client: Dispatching event socket_raw_receive
2021-04-29 05:14:45,638:DEBUG:discord.gateway: For Shard ID None: WebSocket Event: {'t': None, 's': None, 'op': 11, 'd': None}
2021-04-29 05:14:45,638:DEBUG:discord.client: Dispatching event socket_response
2021-04-29 05:15:26,847:DEBUG:discord.gateway: Keeping shard ID None websocket alive with sequence 2.
2021-04-29 05:15:26,898:DEBUG:discord.client: Dispatching event socket_raw_receive
2021-04-29 05:15:26,898:DEBUG:discord.gateway: For Shard ID None: WebSocket Event: {'t': None, 's': None, 'op': 11, 'd': None}
2021-04-29 05:15:26,898:DEBUG:discord.client: Dispatching event socket_response
2021-04-29 05:16:08,099:DEBUG:discord.gateway: Keeping shard ID None websocket alive with sequence 2.
2021-04-29 05:16:08,143:DEBUG:discord.client: Dispatching event socket_raw_receive
2021-04-29 05:16:08,143:DEBUG:discord.gateway: For Shard ID None: WebSocket Event: {'t': None, 's': None, 'op': 11, 'd': None}
2021-04-29 05:16:08,143:DEBUG:discord.client: Dispatching event socket_response
2021-04-29 05:16:49,350:DEBUG:discord.gateway: Keeping shard ID None websocket alive with sequence 2.
2021-04-29 05:16:49,393:DEBUG:discord.client: Dispatching event socket_raw_receive
2021-04-29 05:16:49,393:DEBUG:discord.gateway: For Shard ID None: WebSocket Event: {'t': None, 's': None, 'op': 11, 'd': None}
2021-04-29 05:16:49,393:DEBUG:discord.client: Dispatching event socket_response
2021-04-29 05:17:30,601:DEBUG:discord.gateway: Keeping shard ID None websocket alive with sequence 2.
2021-04-29 05:17:30,640:DEBUG:discord.client: Dispatching event socket_raw_receive
2021-04-29 05:17:30,641:DEBUG:discord.gateway: For Shard ID None: WebSocket Event: {'t': None, 's': None, 'op': 11, 'd': None}
2021-04-29 05:17:30,641:DEBUG:discord.client: Dispatching event socket_response
2021-04-29 05:18:11,852:DEBUG:discord.gateway: Keeping shard ID None websocket alive with sequence 2.
2021-04-29 05:18:11,897:DEBUG:discord.client: Dispatching event socket_raw_receive
2021-04-29 05:18:11,897:DEBUG:discord.gateway: For Shard ID None: WebSocket Event: {'t': None, 's': None, 'op': 11, 'd': None}
2021-04-29 05:18:11,897:DEBUG:discord.client: Dispatching event socket_response
2021-04-29 05:18:53,103:DEBUG:discord.gateway: Keeping shard ID None websocket alive with sequence 2.
2021-04-29 05:18:53,150:DEBUG:discord.client: Dispatching event socket_raw_receive
2021-04-29 05:18:53,151:DEBUG:discord.gateway: For Shard ID None: WebSocket Event: {'t': None, 's': None, 'op': 11, 'd': None}
2021-04-29 05:18:53,151:DEBUG:discord.client: Dispatching event socket_response
2021-04-29 05:19:34,355:DEBUG:discord.gateway: Keeping shard ID None websocket alive with sequence 2.
2021-04-29 05:19:34,396:DEBUG:discord.client: Dispatching event socket_raw_receive
2021-04-29 05:19:34,397:DEBUG:discord.gateway: For Shard ID None: WebSocket Event: {'t': None, 's': None, 'op': 11, 'd': None}
2021-04-29 05:19:34,397:DEBUG:discord.client: Dispatching event socket_response
2021-04-29 05:20:15,606:DEBUG:discord.gateway: Keeping shard ID None websocket alive with sequence 2.
2021-04-29 05:20:15,647:DEBUG:discord.client: Dispatching event socket_raw_receive
2021-04-29 05:20:15,647:DEBUG:discord.gateway: For Shard ID None: WebSocket Event: {'t': None, 's': None, 'op': 11, 'd': None}
2021-04-29 05:20:15,647:DEBUG:discord.client: Dispatching event socket_response
2021-04-29 05:20:56,857:DEBUG:discord.gateway: Keeping shard ID None websocket alive with sequence 2.
2021-04-29 05:20:56,898:DEBUG:discord.client: Dispatching event socket_raw_receive
2021-04-29 05:20:56,898:DEBUG:discord.gateway: For Shard ID None: WebSocket Event: {'t': None, 's': None, 'op': 11, 'd': None}
2021-04-29 05:20:56,898:DEBUG:discord.client: Dispatching event socket_response
2021-04-29 05:21:38,109:DEBUG:discord.gateway: Keeping shard ID None websocket alive with sequence 2.
2021-04-29 05:21:38,150:DEBUG:discord.client: Dispatching event socket_raw_receive
2021-04-29 05:21:38,150:DEBUG:discord.gateway: For Shard ID None: WebSocket Event: {'t': None, 's': None, 'op': 11, 'd': None}
2021-04-29 05:21:38,150:DEBUG:discord.client: Dispatching event socket_response
2021-04-29 05:22:19,360:DEBUG:discord.gateway: Keeping shard ID None websocket alive with sequence 2.
2021-04-29 05:22:19,399:DEBUG:discord.client: Dispatching event socket_raw_receive
2021-04-29 05:22:19,400:DEBUG:discord.gateway: For Shard ID None: WebSocket Event: {'t': None, 's': None, 'op': 11, 'd': None}
2021-04-29 05:22:19,400:DEBUG:discord.client: Dispatching event socket_response
2021-04-29 05:23:00,611:DEBUG:discord.gateway: Keeping shard ID None websocket alive with sequence 2.
2021-04-29 05:23:00,659:DEBUG:discord.client: Dispatching event socket_raw_receive
2021-04-29 05:23:00,660:DEBUG:discord.gateway: For Shard ID None: WebSocket Event: {'t': None, 's': None, 'op': 11, 'd': None}
2021-04-29 05:23:00,660:DEBUG:discord.client: Dispatching event socket_response
2021-04-29 05:23:41,863:DEBUG:discord.gateway: Keeping shard ID None websocket alive with sequence 2.
2021-04-29 05:23:41,904:DEBUG:discord.client: Dispatching event socket_raw_receive
2021-04-29 05:23:41,904:DEBUG:discord.gateway: For Shard ID None: WebSocket Event: {'t': None, 's': None, 'op': 11, 'd': None}
2021-04-29 05:23:41,904:DEBUG:discord.client: Dispatching event socket_response
2021-04-29 05:24:23,114:DEBUG:discord.gateway: Keeping shard ID None websocket alive with sequence 2.
2021-04-29 05:24:23,153:DEBUG:discord.client: Dispatching event socket_raw_receive
2021-04-29 05:24:23,153:DEBUG:discord.gateway: For Shard ID None: WebSocket Event: {'t': None, 's': None, 'op': 11, 'd': None}
2021-04-29 05:24:23,154:DEBUG:discord.client: Dispatching event socket_response
2021-04-29 05:25:04,365:DEBUG:discord.gateway: Keeping shard ID None websocket alive with sequence 2.
2021-04-29 05:25:04,407:DEBUG:discord.client: Dispatching event socket_raw_receive
2021-04-29 05:25:04,408:DEBUG:discord.gateway: For Shard ID None: WebSocket Event: {'t': None, 's': None, 'op': 11, 'd': None}
2021-04-29 05:25:04,408:DEBUG:discord.client: Dispatching event socket_response
2021-04-29 05:25:45,617:DEBUG:discord.gateway: Keeping shard ID None websocket alive with sequence 2.
2021-04-29 05:25:45,659:DEBUG:discord.client: Dispatching event socket_raw_receive
2021-04-29 05:25:45,659:DEBUG:discord.gateway: For Shard ID None: WebSocket Event: {'t': None, 's': None, 'op': 11, 'd': None}
2021-04-29 05:25:45,659:DEBUG:discord.client: Dispatching event socket_response
2021-04-29 05:26:26,868:DEBUG:discord.gateway: Keeping shard ID None websocket alive with sequence 2.
2021-04-29 05:26:26,907:DEBUG:discord.client: Dispatching event socket_raw_receive
2021-04-29 05:26:26,907:DEBUG:discord.gateway: For Shard ID None: WebSocket Event: {'t': None, 's': None, 'op': 11, 'd': None}
2021-04-29 05:26:26,907:DEBUG:discord.client: Dispatching event socket_response
2021-04-29 05:27:08,119:DEBUG:discord.gateway: Keeping shard ID None websocket alive with sequence 2.
2021-04-29 05:27:08,158:DEBUG:discord.client: Dispatching event socket_raw_receive
2021-04-29 05:27:08,159:DEBUG:discord.gateway: For Shard ID None: WebSocket Event: {'t': None, 's': None, 'op': 11, 'd': None}
2021-04-29 05:27:08,159:DEBUG:discord.client: Dispatching event socket_response
2021-04-29 05:27:49,370:DEBUG:discord.gateway: Keeping shard ID None websocket alive with sequence 2.
2021-04-29 05:27:49,410:DEBUG:discord.client: Dispatching event socket_raw_receive
2021-04-29 05:27:49,410:DEBUG:discord.gateway: For Shard ID None: WebSocket Event: {'t': None, 's': None, 'op': 11, 'd': None}
2021-04-29 05:27:49,410:DEBUG:discord.client: Dispatching event socket_response
2021-04-29 05:28:30,622:DEBUG:discord.gateway: Keeping shard ID None websocket alive with sequence 2.
2021-04-29 05:28:30,668:DEBUG:discord.client: Dispatching event socket_raw_receive
2021-04-29 05:28:30,668:DEBUG:discord.gateway: For Shard ID None: WebSocket Event: {'t': None, 's': None, 'op': 11, 'd': None}
2021-04-29 05:28:30,668:DEBUG:discord.client: Dispatching event socket_response
2021-04-29 05:29:11,873:DEBUG:discord.gateway: Keeping shard ID None websocket alive with sequence 2.
2021-04-29 05:29:11,935:DEBUG:discord.client: Dispatching event socket_raw_receive
2021-04-29 05:29:11,935:DEBUG:discord.gateway: For Shard ID None: WebSocket Event: {'t': None, 's': None, 'op': 11, 'd': None}
2021-04-29 05:29:11,935:DEBUG:discord.client: Dispatching event socket_response
2021-04-29 05:29:53,124:DEBUG:discord.gateway: Keeping shard ID None websocket alive with sequence 2.
2021-04-29 05:29:53,163:DEBUG:discord.client: Dispatching event socket_raw_receive
2021-04-29 05:29:53,163:DEBUG:discord.gateway: For Shard ID None: WebSocket Event: {'t': None, 's': None, 'op': 11, 'd': None}
2021-04-29 05:29:53,164:DEBUG:discord.client: Dispatching event socket_response
2021-04-29 05:30:34,375:DEBUG:discord.gateway: Keeping shard ID None websocket alive with sequence 2.
2021-04-29 05:30:34,416:DEBUG:discord.client: Dispatching event socket_raw_receive
2021-04-29 05:30:34,416:DEBUG:discord.gateway: For Shard ID None: WebSocket Event: {'t': None, 's': None, 'op': 11, 'd': None}
2021-04-29 05:30:34,416:DEBUG:discord.client: Dispatching event socket_response
2021-04-29 05:31:15,626:DEBUG:discord.gateway: Keeping shard ID None websocket alive with sequence 2.
2021-04-29 05:31:15,668:DEBUG:discord.client: Dispatching event socket_raw_receive
2021-04-29 05:31:15,668:DEBUG:discord.gateway: For Shard ID None: WebSocket Event: {'t': None, 's': None, 'op': 11, 'd': None}
2021-04-29 05:31:15,668:DEBUG:discord.client: Dispatching event socket_response
2021-04-29 05:31:56,877:DEBUG:discord.gateway: Keeping shard ID None websocket alive with sequence 2.
2021-04-29 05:31:56,921:DEBUG:discord.client: Dispatching event socket_raw_receive
2021-04-29 05:31:56,922:DEBUG:discord.gateway: For Shard ID None: WebSocket Event: {'t': None, 's': None, 'op': 11, 'd': None}
2021-04-29 05:31:56,922:DEBUG:discord.client: Dispatching event socket_response
